<?xml version="1.0" encoding="UTF-8"?>
<testsuite xmlns:xsi="http://www.w3.org/2001/XMLSchema-instance" xsi:noNamespaceSchemaLocation="https://maven.apache.org/surefire/maven-surefire-plugin/xsd/surefire-test-report-3.0.xsd" version="3.0" name="tests.ProductTests" time="0.839" tests="2" errors="0" skipped="0" failures="0">
  <properties>
[...]
</properties>
  <testcase name="postProductTest" classname="tests.ProductTests" time="0.441">
    <system-err><![CDATA[дек. 15, 2021 7:08:05 PM okhttp3.internal.platform.Platform log
INFO: --> POST http://80.78.248.82:8189/market/api/v1/products (71-byte body)
дек. 15, 2021 7:08:06 PM okhttp3.internal.platform.Platform log
INFO: <-- 201 http://80.78.248.82:8189/market/api/v1/products (100ms, unknown-length body)
]]></system-err>
  </testcase>
  <testcase name="getCategoryByIdTest" classname="tests.ProductTests" time="0.066">
    <system-err><![CDATA[дек. 15, 2021 7:08:06 PM okhttp3.internal.platform.Platform log
INFO: --> GET http://80.78.248.82:8189/market/api/v1/categories/1
дек. 15, 2021 7:08:06 PM okhttp3.internal.platform.Platform log
INFO: <-- 200 http://80.78.248.82:8189/market/api/v1/categories/1 (36ms, unknown-length body)
дек. 15, 2021 7:08:06 PM okhttp3.internal.platform.Platform log
INFO: Category(id=1, title=Food, products=[Product(id=18427, title=Dill Seed, price=146, categoryTitle=Food), Product(id=17703, title=, price=200, categoryTitle=Food), Product(id=18461, title=Butternut pumpkin, price=158, categoryTitle=Food), Product(id=18412, title=Cow, price=100, categoryTitle=Food), Product(id=18469, title=Linguine with Clams, price=196, categoryTitle=Food), Product(id=18543, title=California Maki, price=300, categoryTitle=Food), Product(id=17700, title=Banana, price=0, categoryTitle=Food), Product(id=17701, title=Banana, price=-50, categoryTitle=Food), Product(id=17704, title=Banana, price=-50, categoryTitle=Food), Product(id=17705, title=Banana, price=0, categoryTitle=Food), Product(id=18546, title=Caprese Salad, price=300, categoryTitle=Food), Product(id=18513, title=Som Tam, price=173, categoryTitle=Food), Product(id=18518, title=Pizza, price=103, categoryTitle=Food), Product(id=18523, title=Vegetable Soup, price=-7, categoryTitle=Food), Product(id=18547, title=Chicken Fajitas, price=197, categoryTitle=Food), Product(id=18525, title=null, price=150, categoryTitle=Food), Product(id=18526, title=Fettuccine Alfredo, price=0, categoryTitle=Food), Product(id=18527, title=, price=150, categoryTitle=Food), Product(id=18595, title=Sierra Nevada Bigfoot Barleywine Style Ale, price=101, categoryTitle=Food), Product(id=18596, title=Racer 5 India Pale Ale, Bear Republic Bre, price=129, categoryTitle=Food), Product(id=18597, title=Péché Mortel, price=181, categoryTitle=Food), Product(id=18548, title=Schneider Aventinus, price=167, categoryTitle=Food), Product(id=18421, title=Scotch Eggs, price=100, categoryTitle=Food), Product(id=18549, title=Founders Kentucky Breakfast, price=160, categoryTitle=Food), Product(id=18423, title=Bruschette with Tomato, price=100, categoryTitle=Food), Product(id=18429, title=Thai Red Curry Mix, price=109, categoryTitle=Food), Product(id=18434, title=Feijoa, price=159, categoryTitle=Food), Product(id=18438, title=Burger, price=500, categoryTitle=Food), Product(id=18457, title=null, price=500, categoryTitle=Food), Product(id=18471, title=Pasta Carbonara, price=176, categoryTitle=Food), Product(id=18493, title=null, price=150, categoryTitle=Food), Product(id=18494, title=Pork Sausage Roll, price=-50, categoryTitle=Food), Product(id=18496, title=null, price=150, categoryTitle=Food), Product(id=18497, title=Tiramisù, price=0, categoryTitle=Food), Product(id=18498, title=, price=150, categoryTitle=Food), Product(id=18514, title=Tuna Sashimi, price=122, categoryTitle=Food), Product(id=18515, title=Kebab, price=170, categoryTitle=Food), Product(id=18519, title=Linguine with Clams, price=122, categoryTitle=Food), Product(id=18520, title=Sushi, price=111, categoryTitle=Food), Product(id=18536, title=Sushi, price=146, categoryTitle=Food), Product(id=18537, title=Som Tam, price=177, categoryTitle=Food), Product(id=18538, title=Caprese Salad, price=176, categoryTitle=Food), Product(id=18539, title=Chicken Milanese, price=174, categoryTitle=Food), Product(id=18540, title=Fish and Chips, price=119, categoryTitle=Food), Product(id=18430, title=Coriander Leaf, price=197, categoryTitle=Food), Product(id=18435, title=Bread, price=100, categoryTitle=Food), Product(id=18553, title=Egg , price=300, categoryTitle=Food), Product(id=18449, title=null, price=500, categoryTitle=Food), Product(id=18450, title=, price=500, categoryTitle=Food), Product(id=18458, title=Snowpeas, price=107, categoryTitle=Food), Product(id=18464, title=Cheeseburger, price=121, categoryTitle=Food), Product(id=18465, title=Mango, price=175, categoryTitle=Food), Product(id=18554, title=, price=300, categoryTitle=Food), Product(id=18555, title= Egg, price=300, categoryTitle=Food), Product(id=18557, title=Cauliflower Penne, price=0, categoryTitle=Food), Product(id=18558, title=45, price=300, categoryTitle=Food), Product(id=18516, title=Pork Sausage Roll, price=174, categoryTitle=Food), Product(id=18521, title=Plums, price=100, categoryTitle=Food), Product(id=18559, title=Cheeseburger, price=0, categoryTitle=Food), Product(id=18560, title=null, price=300, categoryTitle=Food), Product(id=18541, title=Pho, price=137, categoryTitle=Food), Product(id=18561, title=Chicken Fajitas, price=-500, categoryTitle=Food), Product(id=18565, title=Egg , price=300, categoryTitle=Food), Product(id=18566, title=, price=300, categoryTitle=Food), Product(id=18567, title= Egg, price=300, categoryTitle=Food), Product(id=18569, title=Pierogi, price=0, categoryTitle=Food), Product(id=18570, title=45, price=300, categoryTitle=Food), Product(id=18571, title=Pierogi, price=0, categoryTitle=Food), Product(id=18572, title=null, price=300, categoryTitle=Food), Product(id=18573, title=Som Tam, price=-500, categoryTitle=Food), Product(id=18586, title=Edmund Fitzgerald Porter, price=119, categoryTitle=Food), Product(id=18415, title=Berries, price=250, categoryTitle=Food), Product(id=18436, title=Bread, price=100, categoryTitle=Food), Product(id=18440, title=Bread, price=0, categoryTitle=Food), Product(id=18441, title=null, price=0, categoryTitle=Food), Product(id=18459, title=Jarrahdale pumpkin, price=129, categoryTitle=Food), Product(id=18460, title=Snowpeas, price=181, categoryTitle=Food), Product(id=18489, title=Teriyaki Chicken Donburi, price=191, categoryTitle=Food), Product(id=18510, title=Eggs, price=123, categoryTitle=Food), Product(id=18511, title=Quail eggs, price=181, categoryTitle=Food), Product(id=18512, title=Barbecue Ribs, price=174, categoryTitle=Food), Product(id=18517, title=Cauliflower Penne, price=198, categoryTitle=Food), Product(id=18587, title=Banana, price=0, categoryTitle=Food), Product(id=18588, title=Banana, price=-10, categoryTitle=Food), Product(id=18592, title=Banana, price=0, categoryTitle=Food), Product(id=18593, title=Banana, price=8, categoryTitle=Food)])
]]></system-err>
  </testcase>
</testsuite>